This is pdfTeX, Version 3.1415926-2.5-1.40.14 (TeX Live 2013) (format=latex 2020.5.16)  15 FEB 2021 09:26
entering extended mode
 restricted \write18 enabled.
 %&-line parsing enabled.
**guide.tex
(./guide.tex
LaTeX2e <2011/06/27>
Babel <v3.8m> and hyphenation patterns for english, dumylang, nohyphenation, lo
aded.
(/usr/share/texlive/texmf-dist/tex/latex/revtex4/revtex4.cls
Document Class: revtex4 2001/08/02 v4.0 (http://publish.aps.org/revtex4/ for do
cumentation)
 Copyright (c) 2001 The American Physical Society.
 mailto:revtex@aps.org
 Licensed under the LPPL:
http://www.ctan.org/tex-archive/macros/latex/base/lppl.txt
 Arthur Ogawa <ogawa@teleport.com>
 Based on work by David Carlisle <david@dcarlisle.demon.co.uk>.
ltxutil: portions licensed from W. E. Baxter (web@superscript.com)
Class revtex4 Info: Repairing broken LateX \@sect on input line 596.
\intertabularlinepenalty=\count79
\@tbpen=\count80
\@arstrutbox@hline=\box26
Class revtex4 Info: Repairing broken LaTeX \@xbitor on input line 1610.
ltxgrid: portions licensed from W. E. Baxter (web@superscript.com)
\c@linecount=\count81
\output=\toks14
\@protection@box=\box27
\@topmark@saved=\toks15
\footins@saved=\box28
\pagesofar=\box29
\footbox=\box30
\pagegrid@col=\count82
Class revtex4 Info: Incorporating package {textcase}  [1998/11/12 v0.06 Text on
ly upper/lower case changing (DPC)]. on input line 3682.
(/usr/share/texlive/texmf-dist/tex/latex/url/url.sty
\Urlmuskip=\muskip10
Package: url 2006/04/12  ver 3.3  Verb mode for urls, etc.
)
\c@affil=\count83
\absbox=\box31
\c@part=\count84
\c@section=\count85
\c@subsection=\count86
\c@subsubsection=\count87
\c@paragraph=\count88
\c@subparagraph=\count89
\abovecaptionskip=\skip41
\belowcaptionskip=\skip42
\c@figure=\count90
\c@table=\count91

(/usr/share/texlive/texmf-dist/tex/latex/natbib/natbib.sty
Package: natbib 2010/09/13 8.31b (PWD, AO)
\bibhang=\skip43
\bibsep=\skip44
LaTeX Info: Redefining \cite on input line 694.
\c@NAT@ctr=\count92
)
\widetext@top=\box32
\widetext@bot=\box33

(/usr/share/texlive/texmf-dist/tex/latex/revtex4/revsymb.sty
Package: revsymb 2001/08/02 v4.0 (http://publish.aps.org/revtex4/ for documenta
tion)
LaTeX Info: Redefining \REV@mathfrak on input line 118.
))

Class revtex4 Warning: No Society specified, using generic APS style.

(/usr/share/texlive/texmf-dist/tex/latex/revtex4/aps.rtx
File: aps.rtx 2001/08/02 v4.0 (http://publish.aps.org/revtex4/ for documentatio
n)
)
(/usr/share/texlive/texmf-dist/tex/latex/revtex4/10pt.rtx
File: 10pt.rtx 2001/08/02 v4.0 (http://publish.aps.org/revtex4/ for documentati
on)
)
(/usr/share/texlive/texmf-dist/tex/latex/graphics/graphicx.sty
Package: graphicx 1999/02/16 v1.0f Enhanced LaTeX Graphics (DPC,SPQR)

(/usr/share/texlive/texmf-dist/tex/latex/graphics/keyval.sty
Package: keyval 1999/03/16 v1.13 key=value parser (DPC)
\KV@toks@=\toks16
)
(/usr/share/texlive/texmf-dist/tex/latex/graphics/graphics.sty
Package: graphics 2009/02/05 v1.0o Standard LaTeX Graphics (DPC,SPQR)

(/usr/share/texlive/texmf-dist/tex/latex/graphics/trig.sty
Package: trig 1999/03/16 v1.09 sin cos tan (DPC)
)
(/usr/share/texlive/texmf-dist/tex/latex/latexconfig/graphics.cfg
File: graphics.cfg 2010/04/23 v1.9 graphics configuration of TeX Live
)
Package graphics Info: Driver file: dvipdf.def on input line 91.

(/usr/share/texlive/texmf-dist/tex/latex/graphics/dvipdf.def
File: dvipdf.def 1999/02/16 v3.0i Driver-dependant file (DPC,SPQR)
))
\Gin@req@height=\dimen102
\Gin@req@width=\dimen103
) (./guide.aux)
\openout1 = `guide.aux'.

LaTeX Font Info:    Checking defaults for OML/cmm/m/it on input line 38.
LaTeX Font Info:    ... okay on input line 38.
LaTeX Font Info:    Checking defaults for T1/cmr/m/n on input line 38.
LaTeX Font Info:    ... okay on input line 38.
LaTeX Font Info:    Checking defaults for OT1/cmr/m/n on input line 38.
LaTeX Font Info:    ... okay on input line 38.
LaTeX Font Info:    Checking defaults for OMS/cmsy/m/n on input line 38.
LaTeX Font Info:    ... okay on input line 38.
LaTeX Font Info:    Checking defaults for OMX/cmex/m/n on input line 38.
LaTeX Font Info:    ... okay on input line 38.
LaTeX Font Info:    Checking defaults for U/cmr/m/n on input line 38.
LaTeX Font Info:    ... okay on input line 38.
Class revtex4 Info: Patching LaTeX tabular. on input line 38.
Class revtex4 Info: cite was not loaded (OK!) on input line 38.
Class revtex4 Info: multicol was not loaded (OK!) on input line 38.


Class revtex4 Warning: \collaboration is only allowed with superscriptaddress o
ption. Use superscriptaddress in place of groupedaddress, unsortedaddress, or r
uninaddress.


Class revtex4 Warning: Assuming \noaffiliation for GlueX.

[1] (./guide.toc
Overfull \hbox (7.05551pt too wide) detected at line 4
 \OT1/cmr/bx/n/10 I.
 []


Overfull \hbox (11.73604pt too wide) detected at line 5
 \OT1/cmr/bx/n/10 II.
 []


Overfull \hbox (9.7778pt too wide) detected at line 6
 \OT1/cmr/m/n/10 A.
 []


Overfull \hbox (9.36115pt too wide) detected at line 7
 \OT1/cmr/m/n/10 B.
 []


Overfull \hbox (9.50002pt too wide) detected at line 8
 \OT1/cmr/m/n/10 C.
 []


Overfull \hbox (16.41656pt too wide) detected at line 9
 \OT1/cmr/bx/n/10 III.
 []


Overfull \hbox (15.74991pt too wide) detected at line 10
 \OT1/cmr/bx/n/10 IV.
 []


Overfull \hbox (9.7778pt too wide) detected at line 11
 \OT1/cmr/m/n/10 A.
 []


Overfull \hbox (9.36115pt too wide) detected at line 12
 \OT1/cmr/m/n/10 B.
 []


Overfull \hbox (9.50002pt too wide) detected at line 13
 \OT1/cmr/m/n/10 C.
 []


Overfull \hbox (5.00003pt too wide) detected at line 13
 \OT1/cmr/m/n/10 10
 []


Overfull \hbox (11.38882pt too wide) detected at line 14
 \OT1/cmr/bx/n/10 V.
 []


Overfull \hbox (5.00003pt too wide) detected at line 14
 \OT1/cmr/m/n/10 10
 []


Overfull \hbox (9.7778pt too wide) detected at line 15
 \OT1/cmr/m/n/10 A.
 []


Overfull \hbox (5.00003pt too wide) detected at line 15
 \OT1/cmr/m/n/10 11
 []


Overfull \hbox (9.36115pt too wide) detected at line 16
 \OT1/cmr/m/n/10 B.
 []


Overfull \hbox (5.00003pt too wide) detected at line 16
 \OT1/cmr/m/n/10 12
 []


Overfull \hbox (9.50002pt too wide) detected at line 17
 \OT1/cmr/m/n/10 C.
 []


Overfull \hbox (5.00003pt too wide) detected at line 17
 \OT1/cmr/m/n/10 13
 []


Overfull \hbox (15.74991pt too wide) detected at line 18
 \OT1/cmr/bx/n/10 VI.
 []


Overfull \hbox (5.00003pt too wide) detected at line 18
 \OT1/cmr/m/n/10 18
 []


Overfull \hbox (9.7778pt too wide) detected at line 19
 \OT1/cmr/m/n/10 A.
 []


Overfull \hbox (5.00003pt too wide) detected at line 19
 \OT1/cmr/m/n/10 19
 []


Overfull \hbox (9.36115pt too wide) detected at line 20
 \OT1/cmr/m/n/10 B.
 []


Overfull \hbox (5.00003pt too wide) detected at line 20
 \OT1/cmr/m/n/10 21
 []


Overfull \hbox (9.50002pt too wide) detected at line 21
 \OT1/cmr/m/n/10 C.
 []


Overfull \hbox (5.00003pt too wide) detected at line 21
 \OT1/cmr/m/n/10 23
 []


Overfull \hbox (20.43044pt too wide) detected at line 22
 \OT1/cmr/bx/n/10 VII.
 []


Overfull \hbox (5.00003pt too wide) detected at line 22
 \OT1/cmr/m/n/10 23
 []


Overfull \hbox (9.7778pt too wide) detected at line 23
 \OT1/cmr/m/n/10 A.
 []


Overfull \hbox (5.00003pt too wide) detected at line 23
 \OT1/cmr/m/n/10 23
 []


Overfull \hbox (9.36115pt too wide) detected at line 24
 \OT1/cmr/m/n/10 B.
 []


Overfull \hbox (5.00003pt too wide) detected at line 24
 \OT1/cmr/m/n/10 24
 []


Overfull \hbox (9.50002pt too wide) detected at line 25
 \OT1/cmr/m/n/10 C.
 []


Overfull \hbox (5.00003pt too wide) detected at line 25
 \OT1/cmr/m/n/10 25
 []


Overfull \hbox (25.11096pt too wide) detected at line 26
 \OT1/cmr/bx/n/10 VIII.
 []


Overfull \hbox (5.00003pt too wide) detected at line 26
 \OT1/cmr/m/n/10 25
 []


Overfull \hbox (15.74991pt too wide) detected at line 27
 \OT1/cmr/bx/n/10 IX.
 []


Overfull \hbox (5.00003pt too wide) detected at line 27
 \OT1/cmr/m/n/10 26
 []


Overfull \hbox (9.7778pt too wide) detected at line 28
 \OT1/cmr/m/n/10 A.
 []


Overfull \hbox (5.00003pt too wide) detected at line 28
 \OT1/cmr/m/n/10 27
 []


Overfull \hbox (9.36115pt too wide) detected at line 29
 \OT1/cmr/m/n/10 B.
 []


Overfull \hbox (5.00003pt too wide) detected at line 29
 \OT1/cmr/m/n/10 29
 []


Overfull \hbox (9.50002pt too wide) detected at line 30
 \OT1/cmr/m/n/10 C.
 []


Overfull \hbox (5.00003pt too wide) detected at line 30
 \OT1/cmr/m/n/10 31
 []


Overfull \hbox (5.00003pt too wide) detected at line 31
 \OT1/cmr/m/n/10 31
 []


Overfull \hbox (5.00003pt too wide) detected at line 32
 \OT1/cmr/m/n/10 31
 []

)
\tf@toc=\write3
\openout3 = `guide.toc'.

 [2]
LaTeX Font Info:    External font `cmex10' loaded for size
(Font)              <9> on input line 228.
LaTeX Font Info:    External font `cmex10' loaded for size
(Font)              <6> on input line 228.
LaTeX Font Info:    External font `cmex10' loaded for size
(Font)              <5> on input line 228.
LaTeX Font Info:    External font `cmex10' loaded for size
(Font)              <7> on input line 264.
 [3] [4]
Underfull \hbox (badness 10000) in paragraph at lines 352--357
[]\OT1/cmr/m/n/10 HDDM schemas must be valid xml schemas, be-long-ing to the na
mes-pace
 []

[5] [6] [7] [8] [9] [10]
Overfull \hbox (26.06374pt too wide) in paragraph at lines 823--823
[]   \OT1/cmtt/m/n/10 // build the nodal structure for this record and fill in 
its values[] 
 []


Overfull \hbox (136.31277pt too wide) in paragraph at lines 835--835
[]\OT1/cmtt/m/n/10 $ g++ -std=c++11 -o write_exam write_exam.cpp hddm_x++.o -I.
 -I $HDDM_INSTALL_DIR/include \[] 
 []

[11]
Overfull \hbox (47.06355pt too wide) in paragraph at lines 923--923
[]             \OT1/cmtt/m/n/10 << "and passed " << total_passed << " of them, 
" << std::endl[] 
 []

[12]
LaTeX Font Info:    Try loading font information for OMS+cmr on input line 965.

 (/usr/share/texlive/texmf-dist/tex/latex/base/omscmr.fd
File: omscmr.fd 1999/05/25 v2.5h Standard LaTeX font definitions
)
LaTeX Font Info:    Font shape `OMS/cmr/m/n' in size <10> not available
(Font)              Font shape `OMS/cmsy/m/n' tried instead on input line 965.
 [13] [14]
[15]
Underfull \hbox (badness 1048) in paragraph at lines 1160--1166
\OT1/cmr/m/n/10 Delete count \OT1/cmr/m/it/10 El-e-ment\OT1/cmr/m/n/10 s from t
his con-tainer \OT1/cmr/m/it/10 el-e-ment\OT1/cmr/m/n/10 , start-ing at po-si-t
ion start. Call-ing
 []

[16] [17]
Underfull \hbox (badness 10000) in paragraph at lines 1248--1249

 []

[18]
Overfull \hbox (15.56383pt too wide) in paragraph at lines 1380--1380
[]   \OT1/cmtt/m/n/10 courses->in[2].title = strcpy(course,"Developmental Psych
ology");[] 
 []

[19] [20]
Overfull \hbox (68.06337pt too wide) in paragraph at lines 1392--1392
[]\OT1/cmtt/m/n/10 $ gcc -o write_exam2 write_exam2.c hddm_x.o -I. -I $HDDM_INS
TALL_DIR/include \[] 
 []

[21]
Overfull \hbox (62.81342pt too wide) in paragraph at lines 1526--1526
[]      \OT1/cmtt/m/n/10 printf("End of file encountered in hddm file exam2.hdd
m, quitting!\n");[] 
 []


Overfull \hbox (26.06374pt too wide) in paragraph at lines 1526--1526
[]   \OT1/cmtt/m/n/10 printf("%s enrolled in %d courses.\n",student->name,total
_courses);[] 
 []


Overfull \hbox (157.31259pt too wide) in paragraph at lines 1526--1526
[]   \OT1/cmtt/m/n/10 printf("He passed %d of them, earning a total of %d credi
ts.\n",total_passed,total_credits);[] 
 []


Overfull \hbox (41.8136pt too wide) in paragraph at lines 1526--1526
[]   \OT1/cmtt/m/n/10 flush_x_HDDM(exam2,0);  // don't do this until you are do
ne with exam2[] 
 []

[22] [23] [24] [25]
Overfull \hbox (15.56383pt too wide) in paragraph at lines 1849--1849
[]\OT1/cmtt/m/n/10 while (record.hdf5FileRead(hdf5_in) == 0) { do_your_thing(re
cord); }[] 
 []


Overfull \hbox (10.31387pt too wide) in paragraph at lines 1876--1876
[]\OT1/cmtt/m/n/10 while ( do_your_thing(record) ) { record.hdf5FileWrite(hdf5_
out); }[] 
 []

[26] [27] [28]
Underfull \hbox (badness 10000) in paragraph at lines 2045--2057
[]\OT1/cmtt/m/n/10 static herr[]t hddm[]\OMS/cmsy/m/n/10 ^^B\OT1/cmtt/m/n/10 ::
HDDM::hdf5SetFilters(hid[]t file[]id, std::vector<H5Z[]filter[]t>
 []


Underfull \hbox (badness 10000) in paragraph at lines 2069--2075
[]\OT1/cmtt/m/n/10 static herr[]t hddm[]\OMS/cmsy/m/n/10 ^^B\OT1/cmtt/m/n/10 ::
HDDM::hdf5GetFilters(hid[]t file[]id, std::vector<H5Z[]filter[]t>
 []

[29] [30] [31] (./guide.aux) ) 
Here is how much of TeX's memory you used:
 2150 strings out of 495064
 26569 string characters out of 3182224
 94825 words of memory out of 3000000
 5365 multiletter control sequences out of 15000+200000
 7710 words of font info for 28 fonts, out of 3000000 for 9000
 14 hyphenation exceptions out of 8191
 25i,4n,21p,486b,296s stack positions out of 5000i,500n,10000p,200000b,50000s

Output written on guide.dvi (31 pages, 135984 bytes).
